# JRE version: Java(TM) SE Runtime Environment (17.0.4+11) (build 17.0.4+11-LTS-179)
# Java VM: Java HotSpot(TM) 64-Bit Server VM (17.0.4+11-LTS-179, mixed mode, sharing, tiered, compressed oops, compressed class ptrs, g1 gc, windows-amd64)
GC Precious Log:
 CPUs: 8 total, 8 available
 Memory: 7941M
 Large Page Support: Disabled
 NUMA Support: Disabled
 Compressed Oops: Enabled (32-bit)
 Heap Region Size: 1M
 Heap Min Capacity: 8M
 Heap Initial Capacity: 126M
 Heap Max Capacity: 1986M
 Pre-touch: Disabled
 Parallel Workers: 8
 Concurrent Workers: 2
 Concurrent Refinement Workers: 8
 Periodic GC: Disabled
Heap:
 garbage-first heap   total 165888K, used 105688K [0x0000000083e00000, 0x0000000100000000)
  region size 1024K, 39 young (39936K), 7 survivors (7168K)
 Metaspace       used 56955K, committed 57472K, reserved 1105920K
  class space    used 7352K, committed 7616K, reserved 1048576K
GC Heap History (20 events):
Event: 8.340 GC heap before
{Heap before GC invocations=11 (full 0):
 garbage-first heap   total 58368K, used 24774K [0x0000000083e00000, 0x0000000100000000)
  region size 1024K, 4 young (4096K), 3 survivors (3072K)
 Metaspace       used 40684K, committed 41088K, reserved 1089536K
  class space    used 5283K, committed 5440K, reserved 1048576K
}
Event: 8.350 GC heap after
{Heap after GC invocations=12 (full 0):
 garbage-first heap   total 73728K, used 23461K [0x0000000083e00000, 0x0000000100000000)
  region size 1024K, 1 young (1024K), 1 survivors (1024K)
 Metaspace       used 40684K, committed 41088K, reserved 1089536K
  class space    used 5283K, committed 5440K, reserved 1048576K
}
Event: 9.505 GC heap before
{Heap before GC invocations=12 (full 0):
 garbage-first heap   total 73728K, used 53157K [0x0000000083e00000, 0x0000000100000000)
  region size 1024K, 30 young (30720K), 1 survivors (1024K)
 Metaspace       used 44850K, committed 45184K, reserved 1089536K
  class space    used 5858K, committed 6016K, reserved 1048576K
}
Event: 9.514 GC heap after
{Heap after GC invocations=13 (full 0):
 garbage-first heap   total 73728K, used 25559K [0x0000000083e00000, 0x0000000100000000)
  region size 1024K, 3 young (3072K), 3 survivors (3072K)
 Metaspace       used 44850K, committed 45184K, reserved 1089536K
  class space    used 5858K, committed 6016K, reserved 1048576K
}
Event: 10.415 GC heap before
{Heap before GC invocations=13 (full 0):
 garbage-first heap   total 73728K, used 54231K [0x0000000083e00000, 0x0000000100000000)
  region size 1024K, 31 young (31744K), 3 survivors (3072K)
 Metaspace       used 47377K, committed 47808K, reserved 1097728K
  class space    used 6160K, committed 6400K, reserved 1048576K
}
Event: 10.421 GC heap after
{Heap after GC invocations=14 (full 0):
 garbage-first heap   total 73728K, used 30885K [0x0000000083e00000, 0x0000000100000000)
  region size 1024K, 4 young (4096K), 4 survivors (4096K)
 Metaspace       used 47377K, committed 47808K, reserved 1097728K
  class space    used 6160K, committed 6400K, reserved 1048576K
}
Event: 10.580 GC heap before
{Heap before GC invocations=14 (full 0):
 garbage-first heap   total 73728K, used 55461K [0x0000000083e00000, 0x0000000100000000)
  region size 1024K, 27 young (27648K), 4 survivors (4096K)
 Metaspace       used 47429K, committed 47872K, reserved 1097728K
  class space    used 6160K, committed 6400K, reserved 1048576K
}
Event: 10.585 GC heap after
{Heap after GC invocations=15 (full 0):
 garbage-first heap   total 73728K, used 36777K [0x0000000083e00000, 0x0000000100000000)
  region size 1024K, 4 young (4096K), 4 survivors (4096K)
 Metaspace       used 47429K, committed 47872K, reserved 1097728K
  class space    used 6160K, committed 6400K, reserved 1048576K
}
Event: 10.878 GC heap before
{Heap before GC invocations=15 (full 0):
 garbage-first heap   total 73728K, used 54185K [0x0000000083e00000, 0x0000000100000000)
  region size 1024K, 22 young (22528K), 4 survivors (4096K)
 Metaspace       used 47578K, committed 48000K, reserved 1097728K
  class space    used 6171K, committed 6400K, reserved 1048576K
}
Event: 10.883 GC heap after
{Heap after GC invocations=16 (full 0):
 garbage-first heap   total 73728K, used 43210K [0x0000000083e00000, 0x0000000100000000)
  region size 1024K, 3 young (3072K), 3 survivors (3072K)
 Metaspace       used 47578K, committed 48000K, reserved 1097728K
  class space    used 6171K, committed 6400K, reserved 1048576K
}
Event: 10.973 GC heap before
{Heap before GC invocations=16 (full 0):
 garbage-first heap   total 73728K, used 54474K [0x0000000083e00000, 0x0000000100000000)
  region size 1024K, 15 young (15360K), 3 survivors (3072K)
 Metaspace       used 47584K, committed 48000K, reserved 1097728K
  class space    used 6171K, committed 6400K, reserved 1048576K
}
Event: 10.977 GC heap after
{Heap after GC invocations=17 (full 0):
 garbage-first heap   total 73728K, used 46537K [0x0000000083e00000, 0x0000000100000000)
  region size 1024K, 2 young (2048K), 2 survivors (2048K)
 Metaspace       used 47584K, committed 48000K, reserved 1097728K
  class space    used 6171K, committed 6400K, reserved 1048576K
}
Event: 11.046 GC heap before
{Heap before GC invocations=17 (full 0):
 garbage-first heap   total 81920K, used 54729K [0x0000000083e00000, 0x0000000100000000)
  region size 1024K, 12 young (12288K), 2 survivors (2048K)
 Metaspace       used 47591K, committed 48000K, reserved 1097728K
  class space    used 6172K, committed 6400K, reserved 1048576K
}
Event: 11.049 GC heap after
{Heap after GC invocations=18 (full 0):
 garbage-first heap   total 165888K, used 48556K [0x0000000083e00000, 0x0000000100000000)
  region size 1024K, 2 young (2048K), 2 survivors (2048K)
 Metaspace       used 47591K, committed 48000K, reserved 1097728K
  class space    used 6172K, committed 6400K, reserved 1048576K
}
Event: 11.340 GC heap before
{Heap before GC invocations=19 (full 0):
 garbage-first heap   total 165888K, used 117164K [0x0000000083e00000, 0x0000000100000000)
  region size 1024K, 66 young (67584K), 2 survivors (2048K)
 Metaspace       used 47641K, committed 48128K, reserved 1097728K
  class space    used 6172K, committed 6400K, reserved 1048576K
}
Event: 11.354 GC heap after
{Heap after GC invocations=20 (full 0):
 garbage-first heap   total 165888K, used 64236K [0x0000000083e00000, 0x0000000100000000)
  region size 1024K, 9 young (9216K), 9 survivors (9216K)
 Metaspace       used 47641K, committed 48128K, reserved 1097728K
  class space    used 6172K, committed 6400K, reserved 1048576K
}
Event: 11.361 GC heap before
{Heap before GC invocations=20 (full 0):
 garbage-first heap   total 165888K, used 65260K [0x0000000083e00000, 0x0000000100000000)
  region size 1024K, 10 young (10240K), 9 survivors (9216K)
 Metaspace       used 47641K, committed 48128K, reserved 1097728K
  class space    used 6172K, committed 6400K, reserved 1048576K
}
Event: 11.367 GC heap after
{Heap after GC invocations=21 (full 0):
 garbage-first heap   total 165888K, used 65196K [0x0000000083e00000, 0x0000000100000000)
  region size 1024K, 1 young (1024K), 1 survivors (1024K)
 Metaspace       used 47641K, committed 48128K, reserved 1097728K
  class space    used 6172K, committed 6400K, reserved 1048576K
}
Event: 13.663 GC heap before
{Heap before GC invocations=21 (full 0):
 garbage-first heap   total 165888K, used 115372K [0x0000000083e00000, 0x0000000100000000)
  region size 1024K, 50 young (51200K), 1 survivors (1024K)
 Metaspace       used 53324K, committed 53824K, reserved 1097728K
  class space    used 6944K, committed 7168K, reserved 1048576K
}
Event: 13.670 GC heap after
{Heap after GC invocations=22 (full 0):
 garbage-first heap   total 165888K, used 73944K [0x0000000083e00000, 0x0000000100000000)
  region size 1024K, 7 young (7168K), 7 survivors (7168K)
 Metaspace       used 53324K, committed 53824K, reserved 1097728K
  class space    used 6944K, committed 7168K, reserved 1048576K
}

